<?xml version="1.0" encoding="UTF-8"?>
<!-- Generated by org.testng.reporters.JUnitXMLReporter -->
<testsuite ignored="0" hostname="Adekunles-MacBook-Pro.local" failures="1" tests="2" name="EFMS Automation Test Execution" time="86.258" errors="0" timestamp="2022-03-07T11:46:47 WAT">
  <testcase classname="main.authentication" name="loginWithValidCredentials" time="24.135"/>
  <testcase classname="main.Checkers" name="ViewCases" time="25.512">
    <failure type="java.lang.AssertionError" message="expected [WAKILU ALAYO LUKMAN] but found [WAKILU ALAYO LUKMAN
6290449690]">
      <![CDATA[java.lang.AssertionError: expected [WAKILU ALAYO LUKMAN] but found [WAKILU ALAYO LUKMAN
6290449690]
at main.Checkers.ViewCases(Checkers.java:38)
at java.base/java.util.ArrayList.forEach(ArrayList.java:1511)
... Removed 33 stack frames]]>
    </failure>
  </testcase> <!-- ViewCases -->
</testsuite> <!-- EFMS Automation Test Execution -->
